<?xml version="1.0" encoding="UTF-8"?>
<!-- Generated by org.testng.reporters.JUnitReportReporter -->
<testsuite hostname="JavaDev" failures="0" tests="1" name="theDemo.TestingWebdriver" time="22.364" errors="0" timestamp="2024-03-02T21:31:50 SAST" skipped="0">
  <testcase classname="theDemo.TestingWebdriver" name="runTest" time="22.364"/>
</testsuite> <!-- theDemo.TestingWebdriver -->
