<?xml version="1.0" encoding="UTF-8"?>
<!-- Generated by org.testng.reporters.JUnitReportReporter -->
<testsuite hostname="JavaDev" failures="0" tests="1" name="theDemo.TestingWebdriver" time="21.738" errors="0" timestamp="2024-02-27T13:04:26 SAST" skipped="0">
  <testcase classname="theDemo.TestingWebdriver" name="runTest" time="21.738"/>
  <system-out/>
</testsuite> <!-- theDemo.TestingWebdriver -->
